2021-05-24 16:46:41,022 INFO [dump-all-ok] febs-gateway.yaml+DEFAULT_GROUP, 1587264522000, length=3495, md5=b8834a3889e78dda34d04dddba0e4b58

2021-05-24 16:46:41,027 INFO [dump-all-ok] febs-server-test.yaml+DEFAULT_GROUP, 1587175850000, length=2065, md5=26158ba68af9aef82405c90c3c2a17a7

2021-05-24 16:46:41,029 INFO [dump-all-ok] febs-tx-manager.yaml+DEFAULT_GROUP, 1587175884000, length=1316, md5=d0650331753a7507ca99d431c3face17

2021-05-24 16:46:41,033 INFO [dump-all-ok] febs-server-generator.yaml+DEFAULT_GROUP, 1587264906000, length=1799, md5=73b5c2714ea7c765ef04cb4eb23cdb97

2021-05-24 16:46:41,035 INFO [dump-all-ok] febs-server-job.yaml+DEFAULT_GROUP, 1587264921000, length=2273, md5=899d2ad5984b3253197e9e155fa5e618

2021-05-24 16:46:41,037 INFO [dump-all-ok] febs-admin.yaml+DEFAULT_GROUP, 1587016614000, length=162, md5=31a6f472776c2d374593f0ded91004af

2021-05-24 16:46:41,039 INFO [dump-all-ok] febs-server-system.yaml+DEFAULT_GROUP, 1587264880000, length=2027, md5=b9efabc3b13d7c55115321865a2f40d5

2021-05-24 16:46:41,040 INFO [dump-all-ok] febs-auth.yaml+DEFAULT_GROUP, 1588835694000, length=2620, md5=236dec1e831502a3c7cbe35dc73d3a38

2021-05-24 16:55:05,880 INFO [dump-all-ok] febs-gateway.yaml+DEFAULT_GROUP, 1587264522000, length=3495, md5=b8834a3889e78dda34d04dddba0e4b58

2021-05-24 16:55:05,883 INFO [dump-all-ok] febs-server-test.yaml+DEFAULT_GROUP, 1587175850000, length=2065, md5=26158ba68af9aef82405c90c3c2a17a7

2021-05-24 16:55:05,885 INFO [dump-all-ok] febs-tx-manager.yaml+DEFAULT_GROUP, 1587175884000, length=1316, md5=d0650331753a7507ca99d431c3face17

2021-05-24 16:55:05,888 INFO [dump-all-ok] febs-server-generator.yaml+DEFAULT_GROUP, 1587264906000, length=1799, md5=73b5c2714ea7c765ef04cb4eb23cdb97

2021-05-24 16:55:05,890 INFO [dump-all-ok] febs-server-job.yaml+DEFAULT_GROUP, 1587264921000, length=2273, md5=899d2ad5984b3253197e9e155fa5e618

2021-05-24 16:55:05,894 INFO [dump-all-ok] febs-admin.yaml+DEFAULT_GROUP, 1587016614000, length=162, md5=31a6f472776c2d374593f0ded91004af

2021-05-24 16:55:05,896 INFO [dump-all-ok] febs-server-system.yaml+DEFAULT_GROUP, 1587264880000, length=2027, md5=b9efabc3b13d7c55115321865a2f40d5

2021-05-24 16:55:05,898 INFO [dump-all-ok] febs-auth.yaml+DEFAULT_GROUP, 1621846436000, length=2640, md5=08138894993e2b4a922cfb158c3d9666

2021-05-24 17:02:59,107 INFO [dump-all-ok] febs-gateway.yaml+DEFAULT_GROUP, 1587264522000, length=3495, md5=b8834a3889e78dda34d04dddba0e4b58

2021-05-24 17:02:59,110 INFO [dump-all-ok] febs-server-test.yaml+DEFAULT_GROUP, 1621846914000, length=2063, md5=6560b89e394ddb7bd3b8eeead6a085df

2021-05-24 17:02:59,112 INFO [dump-all-ok] febs-tx-manager.yaml+DEFAULT_GROUP, 1587175884000, length=1316, md5=d0650331753a7507ca99d431c3face17

2021-05-24 17:02:59,114 INFO [dump-all-ok] febs-server-generator.yaml+DEFAULT_GROUP, 1587264906000, length=1799, md5=73b5c2714ea7c765ef04cb4eb23cdb97

2021-05-24 17:02:59,116 INFO [dump-all-ok] febs-server-job.yaml+DEFAULT_GROUP, 1587264921000, length=2273, md5=899d2ad5984b3253197e9e155fa5e618

2021-05-24 17:02:59,120 INFO [dump-all-ok] febs-admin.yaml+DEFAULT_GROUP, 1587016614000, length=162, md5=31a6f472776c2d374593f0ded91004af

2021-05-24 17:02:59,121 INFO [dump-all-ok] febs-server-system.yaml+DEFAULT_GROUP, 1621846771000, length=2028, md5=8c34f72bcacad2a758ab76563c7aa442

2021-05-24 17:02:59,123 INFO [dump-all-ok] febs-auth.yaml+DEFAULT_GROUP, 1621846436000, length=2640, md5=08138894993e2b4a922cfb158c3d9666

