2021-05-24 16:46:34,507 INFO Starting Nacos v1.1.4 on DESKTOP-U235S6D with PID 27788 (C:\workspace\projects\febs\nacos\target\nacos-server.jar started by wenyu.xia in C:\workspace\projects\febs\nacos\bin)

2021-05-24 16:46:34,930 INFO The following profiles are active: standalone

2021-05-24 16:46:36,979 INFO Bean 'org.springframework.security.config.annotation.configuration.ObjectPostProcessorConfiguration' of type [org.springframework.security.config.annotation.configuration.ObjectPostProcessorConfiguration$$EnhancerBySpringCGLIB$$4db75775] is not eligible for getting processed by all BeanPostProcessors (for example: not eligible for auto-proxying)

2021-05-24 16:46:37,061 INFO Bean 'objectPostProcessor' of type [org.springframework.security.config.annotation.configuration.AutowireBeanFactoryObjectPostProcessor] is not eligible for getting processed by all BeanPostProcessors (for example: not eligible for auto-proxying)

2021-05-24 16:46:37,065 INFO Bean 'org.springframework.security.access.expression.method.DefaultMethodSecurityExpressionHandler@609e8838' of type [org.springframework.security.access.expression.method.DefaultMethodSecurityExpressionHandler] is not eligible for getting processed by all BeanPostProcessors (for example: not eligible for auto-proxying)

2021-05-24 16:46:37,068 INFO Bean 'org.springframework.security.config.annotation.method.configuration.GlobalMethodSecurityConfiguration' of type [org.springframework.security.config.annotation.method.configuration.GlobalMethodSecurityConfiguration$$EnhancerBySpringCGLIB$$728bfa27] is not eligible for getting processed by all BeanPostProcessors (for example: not eligible for auto-proxying)

2021-05-24 16:46:37,073 INFO Bean 'methodSecurityMetadataSource' of type [org.springframework.security.access.method.DelegatingMethodSecurityMetadataSource] is not eligible for getting processed by all BeanPostProcessors (for example: not eligible for auto-proxying)

2021-05-24 16:46:37,908 INFO Tomcat initialized with port(s): 8001 (http)

2021-05-24 16:46:37,952 INFO Starting service [Tomcat]

2021-05-24 16:46:37,953 INFO Starting Servlet Engine: Apache Tomcat/9.0.13

2021-05-24 16:46:37,966 INFO The APR based Apache Tomcat Native library which allows optimal performance in production environments was not found on the java.library.path: [C:\programs\java\java8\jdk\bin;C:\WINDOWS\Sun\Java\bin;C:\WINDOWS\system32;C:\WINDOWS;C:\programs\vm\vmprogram\bin\;C:\Program Files\VanDyke Software\Clients\;C:\Program Files (x86)\Common Files\Oracle\Java\javapath;C:\Windows\system32;C:\Windows;C:\Windows\System32\Wbem;C:\Windows\System32\WindowsPowerShell\v1.0\;C:\Windows\System32\OpenSSH\;C:\Program Files (x86)\NVIDIA Corporation\PhysX\Common;C:\Program Files\NVIDIA Corporation\NVIDIA NvDLISR;C:\programs\Git\cmd;C:\programs\java\maven\apache-maven-3.3.9\bin\;"C:\programs\java\java8\jdk\bin;C:\programs\java\java8\jdk\jre\bin";C:\programs\svn\bin;C:\programs\erlang_otp\erl10.5\bin;C:\Program Files\RabbitMQ Server\rabbitmq_server-3.7.14\sbin;C:\WINDOWS\system32;C:\WINDOWS;C:\WINDOWS\System32\Wbem;C:\WINDOWS\System32\WindowsPowerShell\v1.0\;C:\WINDOWS\System32\OpenSSH\;C:\Program Files\nodejs;C:\programs\database\mysql-5.6.22-winx64\bin;C:\Users\wenyu.xia\AppData\Local\Microsoft\WindowsApps;C:\programs\vscode\Microsoft VS Code\bin;C:\Program Files\Bandizip\;C:\Users\wenyu.xia\AppData\Roaming\npm;.]

2021-05-24 16:46:38,072 INFO Initializing Spring embedded WebApplicationContext

2021-05-24 16:46:38,073 INFO Root WebApplicationContext: initialization completed in 3100 ms

2021-05-24 16:46:39,065 INFO Use Mysql as the driver

2021-05-24 16:46:41,664 INFO Initializing ExecutorService 'applicationTaskExecutor'

2021-05-24 16:46:41,951 INFO Adding welcome page: class path resource [static/index.html]

2021-05-24 16:46:42,465 INFO Creating filter chain: Ant [pattern='/'], []

2021-05-24 16:46:42,468 INFO Creating filter chain: Ant [pattern='/**/*.css'], []

2021-05-24 16:46:42,469 INFO Creating filter chain: Ant [pattern='/**/*.js'], []

2021-05-24 16:46:42,470 INFO Creating filter chain: Ant [pattern='/**/*.html'], []

2021-05-24 16:46:42,471 INFO Creating filter chain: Ant [pattern='/**/*.map'], []

2021-05-24 16:46:42,471 INFO Creating filter chain: Ant [pattern='/**/*.svg'], []

2021-05-24 16:46:42,472 INFO Creating filter chain: Ant [pattern='/**/*.png'], []

2021-05-24 16:46:42,472 INFO Creating filter chain: Ant [pattern='/**/*.ico'], []

2021-05-24 16:46:42,472 INFO Creating filter chain: Ant [pattern='/console-fe/public/**'], []

2021-05-24 16:46:42,473 INFO Creating filter chain: Ant [pattern='/v1/auth/login'], []

2021-05-24 16:46:42,473 INFO Creating filter chain: Ant [pattern='/v1/console/health/**'], []

2021-05-24 16:46:42,474 INFO Creating filter chain: Ant [pattern='/v1/cs/**'], []

2021-05-24 16:46:42,474 INFO Creating filter chain: Ant [pattern='/v1/ns/**'], []

2021-05-24 16:46:42,474 INFO Creating filter chain: Ant [pattern='/v1/cmdb/**'], []

2021-05-24 16:46:42,475 INFO Creating filter chain: Ant [pattern='/actuator/**'], []

2021-05-24 16:46:42,475 INFO Creating filter chain: Ant [pattern='/v1/console/server/**'], []

2021-05-24 16:46:42,535 INFO Creating filter chain: any request, [org.springframework.security.web.context.request.async.WebAsyncManagerIntegrationFilter@6da00fb9, org.springframework.security.web.context.SecurityContextPersistenceFilter@774698ab, org.springframework.security.web.header.HeaderWriterFilter@625abb97, org.springframework.security.web.authentication.logout.LogoutFilter@b6b1987, com.alibaba.nacos.console.filter.JwtAuthenticationTokenFilter@a202ccb, org.springframework.security.web.savedrequest.RequestCacheAwareFilter@a4ca3f6, org.springframework.security.web.servletapi.SecurityContextHolderAwareRequestFilter@45905bff, org.springframework.security.web.authentication.AnonymousAuthenticationFilter@20f12539, org.springframework.security.web.session.SessionManagementFilter@aeab9a1, org.springframework.security.web.access.ExceptionTranslationFilter@11981797, org.springframework.security.web.access.intercept.FilterSecurityInterceptor@20a14b55]

2021-05-24 16:46:42,684 INFO Exposing 2 endpoint(s) beneath base path '/actuator'

2021-05-24 16:46:42,729 INFO Initializing ExecutorService 'taskScheduler'

2021-05-24 16:46:42,904 INFO Tomcat started on port(s): 8001 (http) with context path '/nacos'

2021-05-24 16:46:42,911 INFO Started Nacos in 9.557 seconds (JVM running for 10.133)

2021-05-24 16:46:42,911 INFO Nacos Log files: C:\workspace\projects\febs\nacos/logs/

2021-05-24 16:46:42,911 INFO Nacos Conf files: C:\workspace\projects\febs\nacos/conf/

2021-05-24 16:46:42,912 INFO Nacos Data files: C:\workspace\projects\febs\nacos/data/

2021-05-24 16:46:42,912 INFO Nacos started successfully in stand alone mode.

2021-05-24 16:47:18,634 INFO Initializing Spring DispatcherServlet 'dispatcherServlet'

2021-05-24 16:47:18,635 INFO Initializing Servlet 'dispatcherServlet'

2021-05-24 16:47:18,673 INFO Completed initialization in 37 ms

2021-05-24 16:47:54,681 INFO Expired JWT token.

2021-05-24 16:47:54,696 ERROR Responding with unauthorized error. Message - Full authentication is required to access this resource

2021-05-24 16:54:51,381 INFO Shutting down ExecutorService 'taskScheduler'

2021-05-24 16:54:51,383 INFO Shutting down ExecutorService 'applicationTaskExecutor'

2021-05-24 16:54:56,958 INFO Starting Nacos v1.1.4 on DESKTOP-U235S6D with PID 27440 (C:\workspace\projects\febs\nacos\target\nacos-server.jar started by wenyu.xia in C:\workspace\projects\febs\nacos\bin)

2021-05-24 16:54:56,965 INFO The following profiles are active: standalone

2021-05-24 16:55:00,988 INFO Bean 'org.springframework.security.config.annotation.configuration.ObjectPostProcessorConfiguration' of type [org.springframework.security.config.annotation.configuration.ObjectPostProcessorConfiguration$$EnhancerBySpringCGLIB$$82d219f1] is not eligible for getting processed by all BeanPostProcessors (for example: not eligible for auto-proxying)

2021-05-24 16:55:01,188 INFO Bean 'objectPostProcessor' of type [org.springframework.security.config.annotation.configuration.AutowireBeanFactoryObjectPostProcessor] is not eligible for getting processed by all BeanPostProcessors (for example: not eligible for auto-proxying)

2021-05-24 16:55:01,196 INFO Bean 'org.springframework.security.access.expression.method.DefaultMethodSecurityExpressionHandler@609e8838' of type [org.springframework.security.access.expression.method.DefaultMethodSecurityExpressionHandler] is not eligible for getting processed by all BeanPostProcessors (for example: not eligible for auto-proxying)

2021-05-24 16:55:01,203 INFO Bean 'org.springframework.security.config.annotation.method.configuration.GlobalMethodSecurityConfiguration' of type [org.springframework.security.config.annotation.method.configuration.GlobalMethodSecurityConfiguration$$EnhancerBySpringCGLIB$$a7a6bca3] is not eligible for getting processed by all BeanPostProcessors (for example: not eligible for auto-proxying)

2021-05-24 16:55:01,216 INFO Bean 'methodSecurityMetadataSource' of type [org.springframework.security.access.method.DelegatingMethodSecurityMetadataSource] is not eligible for getting processed by all BeanPostProcessors (for example: not eligible for auto-proxying)

2021-05-24 16:55:02,709 INFO Tomcat initialized with port(s): 8001 (http)

2021-05-24 16:55:02,751 INFO Starting service [Tomcat]

2021-05-24 16:55:02,752 INFO Starting Servlet Engine: Apache Tomcat/9.0.13

2021-05-24 16:55:02,767 INFO The APR based Apache Tomcat Native library which allows optimal performance in production environments was not found on the java.library.path: [C:\programs\java\java8\jdk\bin;C:\WINDOWS\Sun\Java\bin;C:\WINDOWS\system32;C:\WINDOWS;C:\programs\vm\vmprogram\bin\;C:\Program Files\VanDyke Software\Clients\;C:\Program Files (x86)\Common Files\Oracle\Java\javapath;C:\Windows\system32;C:\Windows;C:\Windows\System32\Wbem;C:\Windows\System32\WindowsPowerShell\v1.0\;C:\Windows\System32\OpenSSH\;C:\Program Files (x86)\NVIDIA Corporation\PhysX\Common;C:\Program Files\NVIDIA Corporation\NVIDIA NvDLISR;C:\programs\Git\cmd;C:\programs\java\maven\apache-maven-3.3.9\bin\;"C:\programs\java\java8\jdk\bin;C:\programs\java\java8\jdk\jre\bin";C:\programs\svn\bin;C:\programs\erlang_otp\erl10.5\bin;C:\Program Files\RabbitMQ Server\rabbitmq_server-3.7.14\sbin;C:\WINDOWS\system32;C:\WINDOWS;C:\WINDOWS\System32\Wbem;C:\WINDOWS\System32\WindowsPowerShell\v1.0\;C:\WINDOWS\System32\OpenSSH\;C:\Program Files\nodejs;C:\programs\database\mysql-5.6.22-winx64\bin;C:\Users\wenyu.xia\AppData\Local\Microsoft\WindowsApps;C:\programs\vscode\Microsoft VS Code\bin;C:\Program Files\Bandizip\;C:\Users\wenyu.xia\AppData\Roaming\npm;.]

2021-05-24 16:55:02,916 INFO Initializing Spring embedded WebApplicationContext

2021-05-24 16:55:02,917 INFO Root WebApplicationContext: initialization completed in 5501 ms

2021-05-24 16:55:04,059 INFO Use Mysql as the driver

2021-05-24 16:55:06,482 INFO Initializing ExecutorService 'applicationTaskExecutor'

2021-05-24 16:55:06,768 INFO Adding welcome page: class path resource [static/index.html]

2021-05-24 16:55:07,308 INFO Creating filter chain: Ant [pattern='/'], []

2021-05-24 16:55:07,310 INFO Creating filter chain: Ant [pattern='/**/*.css'], []

2021-05-24 16:55:07,312 INFO Creating filter chain: Ant [pattern='/**/*.js'], []

2021-05-24 16:55:07,312 INFO Creating filter chain: Ant [pattern='/**/*.html'], []

2021-05-24 16:55:07,313 INFO Creating filter chain: Ant [pattern='/**/*.map'], []

2021-05-24 16:55:07,313 INFO Creating filter chain: Ant [pattern='/**/*.svg'], []

2021-05-24 16:55:07,314 INFO Creating filter chain: Ant [pattern='/**/*.png'], []

2021-05-24 16:55:07,314 INFO Creating filter chain: Ant [pattern='/**/*.ico'], []

2021-05-24 16:55:07,315 INFO Creating filter chain: Ant [pattern='/console-fe/public/**'], []

2021-05-24 16:55:07,315 INFO Creating filter chain: Ant [pattern='/v1/auth/login'], []

2021-05-24 16:55:07,315 INFO Creating filter chain: Ant [pattern='/v1/console/health/**'], []

2021-05-24 16:55:07,316 INFO Creating filter chain: Ant [pattern='/v1/cs/**'], []

2021-05-24 16:55:07,316 INFO Creating filter chain: Ant [pattern='/v1/ns/**'], []

2021-05-24 16:55:07,317 INFO Creating filter chain: Ant [pattern='/v1/cmdb/**'], []

2021-05-24 16:55:07,317 INFO Creating filter chain: Ant [pattern='/actuator/**'], []

2021-05-24 16:55:07,318 INFO Creating filter chain: Ant [pattern='/v1/console/server/**'], []

2021-05-24 16:55:07,391 INFO Creating filter chain: any request, [org.springframework.security.web.context.request.async.WebAsyncManagerIntegrationFilter@6b44435b, org.springframework.security.web.context.SecurityContextPersistenceFilter@312ab28e, org.springframework.security.web.header.HeaderWriterFilter@758a34ce, org.springframework.security.web.authentication.logout.LogoutFilter@11981797, com.alibaba.nacos.console.filter.JwtAuthenticationTokenFilter@2ccca26f, org.springframework.security.web.savedrequest.RequestCacheAwareFilter@246f8b8b, org.springframework.security.web.servletapi.SecurityContextHolderAwareRequestFilter@3381b4fc, org.springframework.security.web.authentication.AnonymousAuthenticationFilter@66b7550d, org.springframework.security.web.session.SessionManagementFilter@bff34c6, org.springframework.security.web.access.ExceptionTranslationFilter@5c153b9e, org.springframework.security.web.access.intercept.FilterSecurityInterceptor@2a2c13a8]

2021-05-24 16:55:07,558 INFO Exposing 2 endpoint(s) beneath base path '/actuator'

2021-05-24 16:55:07,619 INFO Initializing ExecutorService 'taskScheduler'

2021-05-24 16:55:07,787 INFO Tomcat started on port(s): 8001 (http) with context path '/nacos'

2021-05-24 16:55:07,798 INFO Started Nacos in 13.102 seconds (JVM running for 13.727)

2021-05-24 16:55:07,798 INFO Nacos Log files: C:\workspace\projects\febs\nacos/logs/

2021-05-24 16:55:07,799 INFO Nacos Conf files: C:\workspace\projects\febs\nacos/conf/

2021-05-24 16:55:07,799 INFO Nacos Data files: C:\workspace\projects\febs\nacos/data/

2021-05-24 16:55:07,799 INFO Nacos started successfully in stand alone mode.

2021-05-24 16:55:08,049 INFO Initializing Spring DispatcherServlet 'dispatcherServlet'

2021-05-24 16:55:08,049 INFO Initializing Servlet 'dispatcherServlet'

2021-05-24 16:55:08,067 INFO Completed initialization in 17 ms

2021-05-24 17:02:45,342 INFO Shutting down ExecutorService 'taskScheduler'

2021-05-24 17:02:45,344 INFO Shutting down ExecutorService 'applicationTaskExecutor'

2021-05-24 17:02:51,733 INFO Starting Nacos v1.1.4 on DESKTOP-U235S6D with PID 23036 (C:\workspace\projects\febs\nacos\target\nacos-server.jar started by wenyu.xia in C:\workspace\projects\febs\nacos\bin)

2021-05-24 17:02:51,736 INFO The following profiles are active: standalone

2021-05-24 17:02:54,071 INFO Bean 'org.springframework.security.config.annotation.configuration.ObjectPostProcessorConfiguration' of type [org.springframework.security.config.annotation.configuration.ObjectPostProcessorConfiguration$$EnhancerBySpringCGLIB$$9c5b4113] is not eligible for getting processed by all BeanPostProcessors (for example: not eligible for auto-proxying)

2021-05-24 17:02:54,207 INFO Bean 'objectPostProcessor' of type [org.springframework.security.config.annotation.configuration.AutowireBeanFactoryObjectPostProcessor] is not eligible for getting processed by all BeanPostProcessors (for example: not eligible for auto-proxying)

2021-05-24 17:02:54,211 INFO Bean 'org.springframework.security.access.expression.method.DefaultMethodSecurityExpressionHandler@7c37508a' of type [org.springframework.security.access.expression.method.DefaultMethodSecurityExpressionHandler] is not eligible for getting processed by all BeanPostProcessors (for example: not eligible for auto-proxying)

2021-05-24 17:02:54,213 INFO Bean 'org.springframework.security.config.annotation.method.configuration.GlobalMethodSecurityConfiguration' of type [org.springframework.security.config.annotation.method.configuration.GlobalMethodSecurityConfiguration$$EnhancerBySpringCGLIB$$c12fe3c5] is not eligible for getting processed by all BeanPostProcessors (for example: not eligible for auto-proxying)

2021-05-24 17:02:54,219 INFO Bean 'methodSecurityMetadataSource' of type [org.springframework.security.access.method.DelegatingMethodSecurityMetadataSource] is not eligible for getting processed by all BeanPostProcessors (for example: not eligible for auto-proxying)

2021-05-24 17:02:55,447 INFO Tomcat initialized with port(s): 8001 (http)

2021-05-24 17:02:55,514 INFO Starting service [Tomcat]

2021-05-24 17:02:55,515 INFO Starting Servlet Engine: Apache Tomcat/9.0.13

2021-05-24 17:02:55,538 INFO The APR based Apache Tomcat Native library which allows optimal performance in production environments was not found on the java.library.path: [C:\programs\java\java8\jdk\bin;C:\WINDOWS\Sun\Java\bin;C:\WINDOWS\system32;C:\WINDOWS;C:\programs\vm\vmprogram\bin\;C:\Program Files\VanDyke Software\Clients\;C:\Program Files (x86)\Common Files\Oracle\Java\javapath;C:\Windows\system32;C:\Windows;C:\Windows\System32\Wbem;C:\Windows\System32\WindowsPowerShell\v1.0\;C:\Windows\System32\OpenSSH\;C:\Program Files (x86)\NVIDIA Corporation\PhysX\Common;C:\Program Files\NVIDIA Corporation\NVIDIA NvDLISR;C:\programs\Git\cmd;C:\programs\java\maven\apache-maven-3.3.9\bin\;"C:\programs\java\java8\jdk\bin;C:\programs\java\java8\jdk\jre\bin";C:\programs\svn\bin;C:\programs\erlang_otp\erl10.5\bin;C:\Program Files\RabbitMQ Server\rabbitmq_server-3.7.14\sbin;C:\WINDOWS\system32;C:\WINDOWS;C:\WINDOWS\System32\Wbem;C:\WINDOWS\System32\WindowsPowerShell\v1.0\;C:\WINDOWS\System32\OpenSSH\;C:\Program Files\nodejs;C:\programs\database\mysql-5.6.22-winx64\bin;C:\Users\wenyu.xia\AppData\Local\Microsoft\WindowsApps;C:\programs\vscode\Microsoft VS Code\bin;C:\Program Files\Bandizip\;C:\Users\wenyu.xia\AppData\Roaming\npm;.]

2021-05-24 17:02:55,710 INFO Initializing Spring embedded WebApplicationContext

2021-05-24 17:02:55,711 INFO Root WebApplicationContext: initialization completed in 3917 ms

2021-05-24 17:02:57,094 INFO Use Mysql as the driver

2021-05-24 17:02:59,766 INFO Initializing ExecutorService 'applicationTaskExecutor'

2021-05-24 17:03:00,123 INFO Adding welcome page: class path resource [static/index.html]

2021-05-24 17:03:00,692 INFO Creating filter chain: Ant [pattern='/'], []

2021-05-24 17:03:00,693 INFO Creating filter chain: Ant [pattern='/**/*.css'], []

2021-05-24 17:03:00,694 INFO Creating filter chain: Ant [pattern='/**/*.js'], []

2021-05-24 17:03:00,694 INFO Creating filter chain: Ant [pattern='/**/*.html'], []

2021-05-24 17:03:00,695 INFO Creating filter chain: Ant [pattern='/**/*.map'], []

2021-05-24 17:03:00,695 INFO Creating filter chain: Ant [pattern='/**/*.svg'], []

2021-05-24 17:03:00,695 INFO Creating filter chain: Ant [pattern='/**/*.png'], []

2021-05-24 17:03:00,698 INFO Creating filter chain: Ant [pattern='/**/*.ico'], []

2021-05-24 17:03:00,698 INFO Creating filter chain: Ant [pattern='/console-fe/public/**'], []

2021-05-24 17:03:00,700 INFO Creating filter chain: Ant [pattern='/v1/auth/login'], []

2021-05-24 17:03:00,701 INFO Creating filter chain: Ant [pattern='/v1/console/health/**'], []

2021-05-24 17:03:00,702 INFO Creating filter chain: Ant [pattern='/v1/cs/**'], []

2021-05-24 17:03:00,702 INFO Creating filter chain: Ant [pattern='/v1/ns/**'], []

2021-05-24 17:03:00,702 INFO Creating filter chain: Ant [pattern='/v1/cmdb/**'], []

2021-05-24 17:03:00,705 INFO Creating filter chain: Ant [pattern='/actuator/**'], []

2021-05-24 17:03:00,705 INFO Creating filter chain: Ant [pattern='/v1/console/server/**'], []

2021-05-24 17:03:00,770 INFO Creating filter chain: any request, [org.springframework.security.web.context.request.async.WebAsyncManagerIntegrationFilter@2a2c13a8, org.springframework.security.web.context.SecurityContextPersistenceFilter@bff34c6, org.springframework.security.web.header.HeaderWriterFilter@5c153b9e, org.springframework.security.web.authentication.logout.LogoutFilter@3381b4fc, com.alibaba.nacos.console.filter.JwtAuthenticationTokenFilter@b6b1987, org.springframework.security.web.savedrequest.RequestCacheAwareFilter@312ab28e, org.springframework.security.web.servletapi.SecurityContextHolderAwareRequestFilter@278bb07e, org.springframework.security.web.authentication.AnonymousAuthenticationFilter@6b44435b, org.springframework.security.web.session.SessionManagementFilter@758a34ce, org.springframework.security.web.access.ExceptionTranslationFilter@4bc28c33, org.springframework.security.web.access.intercept.FilterSecurityInterceptor@31aa3ca5]

2021-05-24 17:03:00,945 INFO Exposing 2 endpoint(s) beneath base path '/actuator'

2021-05-24 17:03:00,999 INFO Initializing ExecutorService 'taskScheduler'

2021-05-24 17:03:01,155 INFO Tomcat started on port(s): 8001 (http) with context path '/nacos'

2021-05-24 17:03:01,163 INFO Started Nacos in 10.622 seconds (JVM running for 11.193)

2021-05-24 17:03:01,163 INFO Nacos Log files: C:\workspace\projects\febs\nacos/logs/

2021-05-24 17:03:01,163 INFO Nacos Conf files: C:\workspace\projects\febs\nacos/conf/

2021-05-24 17:03:01,164 INFO Nacos Data files: C:\workspace\projects\febs\nacos/data/

2021-05-24 17:03:01,164 INFO Nacos started successfully in stand alone mode.

2021-05-24 17:03:01,406 INFO Initializing Spring DispatcherServlet 'dispatcherServlet'

2021-05-24 17:03:01,406 INFO Initializing Servlet 'dispatcherServlet'

2021-05-24 17:03:01,421 INFO Completed initialization in 15 ms

2021-05-24 17:12:58,913 INFO [capacityManagement] start correct usage

2021-05-24 17:12:58,932 INFO [capacityManagement] end correct usage, cost: 0s

2021-05-24 17:12:59,138 WARN clearConfigHistory start

2021-05-24 17:12:59,140 WARN clearConfigHistory, getBeforeStamp:2021-04-24 17:12:59.0, totalCount:1, pageSize:1000, removeTime:1

2021-05-24 17:22:58,934 INFO [capacityManagement] start correct usage

2021-05-24 17:22:58,935 INFO [capacityManagement] end correct usage, cost: 0s

2021-05-24 17:22:59,147 WARN clearConfigHistory start

2021-05-24 17:32:58,940 INFO [capacityManagement] start correct usage

2021-05-24 17:32:58,943 INFO [capacityManagement] end correct usage, cost: 0s

2021-05-24 17:32:59,152 WARN clearConfigHistory start

2021-05-24 17:42:58,948 INFO [capacityManagement] start correct usage

2021-05-24 17:42:58,949 INFO [capacityManagement] end correct usage, cost: 0s

2021-05-24 17:42:59,158 WARN clearConfigHistory start

2021-05-24 17:52:58,952 INFO [capacityManagement] start correct usage

2021-05-24 17:52:58,955 INFO [capacityManagement] end correct usage, cost: 0s

2021-05-24 17:52:59,163 WARN clearConfigHistory start

2021-05-24 22:33:19,689 WARN clearConfigHistory start

2021-05-24 22:37:04,434 INFO [capacityManagement] start correct usage

2021-05-24 22:37:04,440 INFO [capacityManagement] end correct usage, cost: 0s

