2021-05-06 00:31:42,248 INFO PERFORMANCE:|0|0|-1|-1

2021-05-06 00:36:42,260 INFO PERFORMANCE:|0|0|-1|-1

2021-05-06 00:41:42,262 INFO PERFORMANCE:|0|0|-1|-1

2021-05-06 00:46:42,263 INFO PERFORMANCE:|0|0|-1|-1

2021-05-06 09:34:30,511 INFO PERFORMANCE:|0|0|-1|-1

2021-05-06 09:39:30,513 INFO PERFORMANCE:|0|0|-1|-1

2021-05-06 09:44:30,513 INFO PERFORMANCE:|0|0|-1|-1

2021-05-06 09:49:30,515 INFO PERFORMANCE:|0|0|-1|-1

2021-05-06 09:54:30,516 INFO PERFORMANCE:|1|1|-1|-1

2021-05-06 09:59:30,518 INFO PERFORMANCE:|2|2|-1|-1

2021-05-06 10:04:30,520 INFO PERFORMANCE:|2|2|-1|-1

2021-05-06 10:09:30,522 INFO PERFORMANCE:|2|2|-1|-1

2021-05-06 10:14:30,524 INFO PERFORMANCE:|2|0|-1|-1

2021-05-06 10:19:30,530 INFO PERFORMANCE:|2|0|-1|-1

2021-05-06 10:24:30,541 INFO PERFORMANCE:|2|0|-1|-1

2021-05-06 10:29:30,545 INFO PERFORMANCE:|2|0|-1|-1

2021-05-06 10:34:30,547 INFO PERFORMANCE:|2|0|-1|-1

2021-05-06 10:39:30,561 INFO PERFORMANCE:|2|0|-1|-1

2021-05-06 10:44:30,566 INFO PERFORMANCE:|2|0|-1|-1

2021-05-06 10:49:30,573 INFO PERFORMANCE:|2|0|-1|-1

2021-05-06 10:54:30,586 INFO PERFORMANCE:|2|0|-1|-1

2021-05-06 10:59:30,601 INFO PERFORMANCE:|2|0|-1|-1

2021-05-06 11:04:30,608 INFO PERFORMANCE:|2|0|-1|-1

2021-05-06 11:09:30,609 INFO PERFORMANCE:|2|0|-1|-1

2021-05-06 11:14:30,620 INFO PERFORMANCE:|2|0|-1|-1

2021-05-06 11:19:30,631 INFO PERFORMANCE:|2|0|-1|-1

2021-05-06 11:24:30,636 INFO PERFORMANCE:|2|0|-1|-1

2021-05-06 11:29:30,640 INFO PERFORMANCE:|2|0|-1|-1

2021-05-06 11:34:30,641 INFO PERFORMANCE:|2|0|-1|-1

2021-05-06 11:39:30,652 INFO PERFORMANCE:|2|0|-1|-1

2021-05-06 11:44:30,659 INFO PERFORMANCE:|2|0|-1|-1

2021-05-06 11:49:30,668 INFO PERFORMANCE:|2|0|-1|-1

2021-05-06 11:54:30,678 INFO PERFORMANCE:|2|0|-1|-1

2021-05-06 11:59:30,687 INFO PERFORMANCE:|2|0|-1|-1

2021-05-06 12:04:30,692 INFO PERFORMANCE:|2|0|-1|-1

2021-05-06 12:09:30,701 INFO PERFORMANCE:|2|0|-1|-1

2021-05-06 12:14:30,706 INFO PERFORMANCE:|2|0|-1|-1

2021-05-06 12:19:30,712 INFO PERFORMANCE:|2|0|-1|-1

2021-05-06 12:24:30,721 INFO PERFORMANCE:|2|0|-1|-1

2021-05-06 12:29:30,728 INFO PERFORMANCE:|2|0|-1|-1

2021-05-06 12:34:30,733 INFO PERFORMANCE:|2|0|-1|-1

2021-05-06 12:39:30,737 INFO PERFORMANCE:|2|0|-1|-1

2021-05-06 12:44:30,742 INFO PERFORMANCE:|2|0|-1|-1

